https://abtest-ch.snssdk.com
https://api3-normal-c-lq.amemv.com
https://api5-core-c-lq.amemv.com
https://api5-normal-c-lq.amemv.com
https://aweme.snssdk.com
https://bsync.snssdk.com
https://g.cn.miaozhen.com
https://gecko.snssdk.com
https://i-lq.snssdk.com
https://i.snssdk.com
https://ib-lq.snssdk.com
https://ib.snssdk.com
https://ichannel.snssdk.com
https://imapi.snssdk.com
https://lf.snssdk.com
https://log-alinc2.snssdk.com
https://log.snssdk.com
https://mon-hl.snssdk.com
https://mon.snssdk.com
https://mon.toutiao.com
https://mon.toutiaocloud.com
https://mon.toutiaocloud.net
https://mssdk-lf.snssdk.com
https://mssdk.snssdk.com
https://p11.douyinpic.com
https://p26.douyinpic.com
https://p29.douyinpic.com
https://p3.douyinpic.com
https://p6.douyinpic.com
https://p9.douyinpic.com
https://resolver.msg.xiaomi.net
https://security-lq.snssdk.com
https://security.snssdk.com
https://sf3-dycdn-tos.pstatp.com
https://ulogs.umeng.com
https://ulogs.umengcloud.com
https://umengacs.m.taobao.com
https://umengjmacs.m.taobao.com:443
https://webcast.amemv.com
https://webcast3-normal-c-lq.amemv.com

https://umengjmacs.m.taobao.com:80  =
https://203.119.205.127:443 =
https://203.119.215.161:80 =
https://203.119.216.255:80 =
https://p3.pstatp.com   =
https://log-lq.snssdk.com  =